<?xml version="1.0" encoding="UTF-8"?>
<testsuite xmlns:xsi="http://www.w3.org/2001/XMLSchema-instance" xsi:noNamespaceSchemaLocation="https://maven.apache.org/surefire/maven-surefire-plugin/xsd/surefire-test-report.xsd" name="br.com.podrao.lanche.infra.LancheAdapaterTest" time="3.187" tests="1" errors="1" skipped="0" failures="0">
  <properties>
[...]
</properties>
  <testcase name="cadastrarLanche" classname="br.com.podrao.lanche.infra.LancheAdapaterTest" time="0.463">
    <error type="java.lang.NullPointerException">java.lang.NullPointerException
	at br.com.podrao.lanche.infra.LancheAdapaterTest.cadastrarLanche(LancheAdapaterTest.java:51)
</error>
    <system-out><![CDATA[2021-07-27 18:17:19.191  INFO 19000 --- [           main] b.t.a.o.j.DataJpaTestContextBootstrapper : Neither @ContextConfiguration nor @ContextHierarchy found for test class [br.com.podrao.lanche.infra.LancheAdapaterTest], using SpringBootContextLoader
2021-07-27 18:17:19.193  INFO 19000 --- [           main] o.s.t.c.support.AbstractContextLoader    : Could not detect default resource locations for test class [br.com.podrao.lanche.infra.LancheAdapaterTest]: no resource found for suffixes {-context.xml, Context.groovy}.
2021-07-27 18:17:19.194  INFO 19000 --- [           main] t.c.s.AnnotationConfigContextLoaderUtils : Could not detect default configuration classes for test class [br.com.podrao.lanche.infra.LancheAdapaterTest]: LancheAdapaterTest does not declare any static, non-private, non-final, nested classes annotated with @Configuration.
2021-07-27 18:17:19.208  INFO 19000 --- [           main] .b.t.c.SpringBootTestContextBootstrapper : Found @SpringBootConfiguration br.com.podrao.lanche.CadastroLancheApplication for test class br.com.podrao.lanche.infra.LancheAdapaterTest
2021-07-27 18:17:19.209  INFO 19000 --- [           main] b.t.a.o.j.DataJpaTestContextBootstrapper : Loaded default TestExecutionListener class names from location [META-INF/spring.factories]: [org.springframework.boot.test.mock.mockito.MockitoTestExecutionListener, org.springframework.boot.test.mock.mockito.ResetMocksTestExecutionListener, org.springframework.boot.test.autoconfigure.restdocs.RestDocsTestExecutionListener, org.springframework.boot.test.autoconfigure.web.client.MockRestServiceServerResetTestExecutionListener, org.springframework.boot.test.autoconfigure.web.servlet.MockMvcPrintOnlyOnFailureTestExecutionListener, org.springframework.boot.test.autoconfigure.web.servlet.WebDriverTestExecutionListener, org.springframework.boot.test.autoconfigure.webservices.client.MockWebServiceServerTestExecutionListener, org.springframework.test.context.web.ServletTestExecutionListener, org.springframework.test.context.support.DirtiesContextBeforeModesTestExecutionListener, org.springframework.test.context.event.ApplicationEventsTestExecutionListener, org.springframework.test.context.support.DependencyInjectionTestExecutionListener, org.springframework.test.context.support.DirtiesContextTestExecutionListener, org.springframework.test.context.transaction.TransactionalTestExecutionListener, org.springframework.test.context.jdbc.SqlScriptsTestExecutionListener, org.springframework.test.context.event.EventPublishingTestExecutionListener]
2021-07-27 18:17:19.210  INFO 19000 --- [           main] b.t.a.o.j.DataJpaTestContextBootstrapper : Using TestExecutionListeners: [org.springframework.test.context.web.ServletTestExecutionListener@40faff12, org.springframework.test.context.support.DirtiesContextBeforeModesTestExecutionListener@734fbae3, org.springframework.test.context.event.ApplicationEventsTestExecutionListener@223967ea, org.springframework.boot.test.mock.mockito.MockitoTestExecutionListener@4a6a6a69, org.springframework.boot.test.autoconfigure.SpringBootDependencyInjectionTestExecutionListener@5d7f1e59, org.springframework.test.context.support.DirtiesContextTestExecutionListener@53e93fb7, org.springframework.test.context.transaction.TransactionalTestExecutionListener@3a861417, org.springframework.test.context.jdbc.SqlScriptsTestExecutionListener@2326180c, org.springframework.test.context.event.EventPublishingTestExecutionListener@68e47e7, org.springframework.boot.test.mock.mockito.ResetMocksTestExecutionListener@1c00d406, org.springframework.boot.test.autoconfigure.restdocs.RestDocsTestExecutionListener@16ac4d3d, org.springframework.boot.test.autoconfigure.web.client.MockRestServiceServerResetTestExecutionListener@559d19c, org.springframework.boot.test.autoconfigure.web.servlet.MockMvcPrintOnlyOnFailureTestExecutionListener@719c1faf, org.springframework.boot.test.autoconfigure.web.servlet.WebDriverTestExecutionListener@6ba6557e, org.springframework.boot.test.autoconfigure.webservices.client.MockWebServiceServerTestExecutionListener@1f172892]

  .   ____          _            __ _ _
 /\\ / ___'_ __ _ _(_)_ __  __ _ \ \ \ \
( ( )\___ | '_ | '_| | '_ \/ _` | \ \ \ \
 \\/  ___)| |_)| | | | | || (_| |  ) ) ) )
  '  |____| .__|_| |_|_| |_\__, | / / / /
 =========|_|==============|___/=/_/_/_/
 :: Spring Boot ::                (v2.5.3)

2021-07-27 18:17:19.293  INFO 19000 --- [           main] b.c.p.lanche.infra.LancheAdapaterTest    : Starting LancheAdapaterTest using Java 11.0.11 on PTANDX-5XBP0D3 with PID 19000 (started by 35822887813 in C:\Users\35822887813\ipodrao-workspace\cadastro_lanche)
2021-07-27 18:17:19.298  INFO 19000 --- [           main] b.c.p.lanche.infra.LancheAdapaterTest    : No active profile set, falling back to default profiles: default
2021-07-27 18:17:19.678  INFO 19000 --- [           main] .s.d.r.c.RepositoryConfigurationDelegate : Bootstrapping Spring Data JPA repositories in DEFAULT mode.
2021-07-27 18:17:19.823  INFO 19000 --- [           main] .s.d.r.c.RepositoryConfigurationDelegate : Finished Spring Data repository scanning in 124 ms. Found 2 JPA repository interfaces.
2021-07-27 18:17:19.900  INFO 19000 --- [           main] beddedDataSourceBeanFactoryPostProcessor : Replacing 'dataSource' DataSource bean with embedded version
2021-07-27 18:17:20.402  INFO 19000 --- [           main] o.s.j.d.e.EmbeddedDatabaseFactory        : Starting embedded database: url='jdbc:h2:mem:8c7d0869-b8c5-4c11-ac25-a1a10a3aee7f;DB_CLOSE_DELAY=-1;DB_CLOSE_ON_EXIT=false', username='sa'
2021-07-27 18:17:20.751  INFO 19000 --- [           main] o.hibernate.jpa.internal.util.LogHelper  : HHH000204: Processing PersistenceUnitInfo [name: default]
2021-07-27 18:17:20.818  INFO 19000 --- [           main] org.hibernate.Version                    : HHH000412: Hibernate ORM core version 5.4.32.Final
2021-07-27 18:17:20.874  INFO 19000 --- [           main] o.hibernate.annotations.common.Version   : HCANN000001: Hibernate Commons Annotations {5.1.2.Final}
2021-07-27 18:17:21.019  INFO 19000 --- [           main] org.hibernate.dialect.Dialect            : HHH000400: Using dialect: org.hibernate.dialect.H2Dialect
Hibernate: drop table if exists ingrediente CASCADE 
Hibernate: drop table if exists lanche CASCADE 
Hibernate: drop table if exists lanche_ingredientes CASCADE 
Hibernate: drop sequence if exists hibernate_sequence
Hibernate: create sequence hibernate_sequence start with 1 increment by 1
Hibernate: create table ingrediente (id bigint not null, nome varchar(255) not null, quantidade integer not null, primary key (id))
Hibernate: create table lanche (id bigint not null, nome varchar(255) not null, valor decimal(19,2) not null, primary key (id))
Hibernate: create table lanche_ingredientes (lanche_entity_id bigint not null, ingredientes_id bigint not null)
Hibernate: alter table lanche_ingredientes add constraint UK_crvm1kx4owx0983jgin40d7cd unique (ingredientes_id)
Hibernate: alter table lanche_ingredientes add constraint FKqygja4g4329jr5luvoqyed787 foreign key (ingredientes_id) references ingrediente
Hibernate: alter table lanche_ingredientes add constraint FK5vq3fdiavb2ytmqgcdsocyrpo foreign key (lanche_entity_id) references lanche
2021-07-27 18:17:21.506  INFO 19000 --- [           main] o.h.e.t.j.p.i.JtaPlatformInitiator       : HHH000490: Using JtaPlatform implementation: [org.hibernate.engine.transaction.jta.platform.internal.NoJtaPlatform]
2021-07-27 18:17:21.515  INFO 19000 --- [           main] j.LocalContainerEntityManagerFactoryBean : Initialized JPA EntityManagerFactory for persistence unit 'default'
2021-07-27 18:17:21.974  INFO 19000 --- [           main] b.c.p.lanche.infra.LancheAdapaterTest    : Started LancheAdapaterTest in 2.76 seconds (JVM running for 6.714)
2021-07-27 18:17:21.990  INFO 19000 --- [           main] o.s.t.c.transaction.TransactionContext   : Began transaction (1) for test context [DefaultTestContext@1a06ec24 testClass = LancheAdapaterTest, testInstance = br.com.podrao.lanche.infra.LancheAdapaterTest@1715193f, testMethod = cadastrarLanche@LancheAdapaterTest, testException = [null], mergedContextConfiguration = [MergedContextConfiguration@1f5f4d48 testClass = LancheAdapaterTest, locations = '{}', classes = '{class br.com.podrao.lanche.CadastroLancheApplication}', contextInitializerClasses = '[]', activeProfiles = '{}', propertySourceLocations = '{}', propertySourceProperties = '{org.springframework.boot.test.autoconfigure.orm.jpa.DataJpaTestContextBootstrapper=true}', contextCustomizers = set[[ImportsContextCustomizer@2f025e9e key = [org.springframework.boot.autoconfigure.cache.CacheAutoConfiguration, org.springframework.boot.autoconfigure.data.jpa.JpaRepositoriesAutoConfiguration, org.springframework.boot.autoconfigure.flyway.FlywayAutoConfiguration, org.springframework.boot.autoconfigure.jdbc.DataSourceAutoConfiguration, org.springframework.boot.autoconfigure.jdbc.DataSourceTransactionManagerAutoConfiguration, org.springframework.boot.autoconfigure.jdbc.JdbcTemplateAutoConfiguration, org.springframework.boot.autoconfigure.liquibase.LiquibaseAutoConfiguration, org.springframework.boot.autoconfigure.orm.jpa.HibernateJpaAutoConfiguration, org.springframework.boot.autoconfigure.sql.init.SqlInitializationAutoConfiguration, org.springframework.boot.autoconfigure.transaction.TransactionAutoConfiguration, org.springframework.boot.test.autoconfigure.jdbc.TestDatabaseAutoConfiguration, org.springframework.boot.test.autoconfigure.orm.jpa.TestEntityManagerAutoConfiguration]], org.springframework.boot.test.context.filter.ExcludeFilterContextCustomizer@25f4878b, org.springframework.boot.test.json.DuplicateJsonObjectContextCustomizerFactory$DuplicateJsonObjectContextCustomizer@3081f72c, org.springframework.boot.test.mock.mockito.MockitoContextCustomizer@0, org.springframework.boot.test.autoconfigure.OverrideAutoConfigurationContextCustomizerFactory$DisableAutoConfigurationContextCustomizer@38604b81, org.springframework.boot.test.autoconfigure.actuate.metrics.MetricsExportContextCustomizerFactory$DisableMetricExportContextCustomizer@ae3540e, org.springframework.boot.test.autoconfigure.filter.TypeExcludeFiltersContextCustomizer@351584c0, org.springframework.boot.test.autoconfigure.properties.PropertyMappingContextCustomizer@aaf71e, org.springframework.boot.test.autoconfigure.web.servlet.WebDriverContextCustomizerFactory$Customizer@2f67b837, org.springframework.boot.test.context.SpringBootTestArgs@1, org.springframework.boot.test.context.SpringBootTestWebEnvironment@0], contextLoader = 'org.springframework.boot.test.context.SpringBootContextLoader', parent = [null]], attributes = map['org.springframework.test.context.event.ApplicationEventsTestExecutionListener.recordApplicationEvents' -> false]]; transaction manager [org.springframework.orm.jpa.JpaTransactionManager@49654a35]; rollback [true]
Hibernate: call next value for hibernate_sequence
2021-07-27 18:17:22.074  INFO 19000 --- [           main] o.s.t.c.transaction.TransactionContext   : Rolled back transaction for test: [DefaultTestContext@1a06ec24 testClass = LancheAdapaterTest, testInstance = br.com.podrao.lanche.infra.LancheAdapaterTest@1715193f, testMethod = cadastrarLanche@LancheAdapaterTest, testException = java.lang.NullPointerException, mergedContextConfiguration = [MergedContextConfiguration@1f5f4d48 testClass = LancheAdapaterTest, locations = '{}', classes = '{class br.com.podrao.lanche.CadastroLancheApplication}', contextInitializerClasses = '[]', activeProfiles = '{}', propertySourceLocations = '{}', propertySourceProperties = '{org.springframework.boot.test.autoconfigure.orm.jpa.DataJpaTestContextBootstrapper=true}', contextCustomizers = set[[ImportsContextCustomizer@2f025e9e key = [org.springframework.boot.autoconfigure.cache.CacheAutoConfiguration, org.springframework.boot.autoconfigure.data.jpa.JpaRepositoriesAutoConfiguration, org.springframework.boot.autoconfigure.flyway.FlywayAutoConfiguration, org.springframework.boot.autoconfigure.jdbc.DataSourceAutoConfiguration, org.springframework.boot.autoconfigure.jdbc.DataSourceTransactionManagerAutoConfiguration, org.springframework.boot.autoconfigure.jdbc.JdbcTemplateAutoConfiguration, org.springframework.boot.autoconfigure.liquibase.LiquibaseAutoConfiguration, org.springframework.boot.autoconfigure.orm.jpa.HibernateJpaAutoConfiguration, org.springframework.boot.autoconfigure.sql.init.SqlInitializationAutoConfiguration, org.springframework.boot.autoconfigure.transaction.TransactionAutoConfiguration, org.springframework.boot.test.autoconfigure.jdbc.TestDatabaseAutoConfiguration, org.springframework.boot.test.autoconfigure.orm.jpa.TestEntityManagerAutoConfiguration]], org.springframework.boot.test.context.filter.ExcludeFilterContextCustomizer@25f4878b, org.springframework.boot.test.json.DuplicateJsonObjectContextCustomizerFactory$DuplicateJsonObjectContextCustomizer@3081f72c, org.springframework.boot.test.mock.mockito.MockitoContextCustomizer@0, org.springframework.boot.test.autoconfigure.OverrideAutoConfigurationContextCustomizerFactory$DisableAutoConfigurationContextCustomizer@38604b81, org.springframework.boot.test.autoconfigure.actuate.metrics.MetricsExportContextCustomizerFactory$DisableMetricExportContextCustomizer@ae3540e, org.springframework.boot.test.autoconfigure.filter.TypeExcludeFiltersContextCustomizer@351584c0, org.springframework.boot.test.autoconfigure.properties.PropertyMappingContextCustomizer@aaf71e, org.springframework.boot.test.autoconfigure.web.servlet.WebDriverContextCustomizerFactory$Customizer@2f67b837, org.springframework.boot.test.context.SpringBootTestArgs@1, org.springframework.boot.test.context.SpringBootTestWebEnvironment@0], contextLoader = 'org.springframework.boot.test.context.SpringBootContextLoader', parent = [null]], attributes = map['org.springframework.test.context.event.ApplicationEventsTestExecutionListener.recordApplicationEvents' -> false]]
]]></system-out>
  </testcase>
</testsuite>